# DDYO Completion Truth Test

- UTC: 2026-04-11T11:52:37.452846+00:00
- Spec: `artifacts/audit/ddyo_completion_truth_spec.json`
- Scope files: 46


## Required files

PASS

## Required commands

### `./artifacts/audit/ddyo_status_consistency_2026_04_11.sh`
- rc: 0

```text
DDYO_STATUS_CONSISTENCY: PASS

EXPECTED_OPEN_FRONTIER_MARKERS:
docs/math/DDYO_OPEN_PROBLEM_SHELL_PRODUCT_MOMENT.md:25:A theorem-level first-moment remainder proof is now recorded in this repository.
docs/math/DDYO_RA1N_TARGET_THEOREM.md:23:A theorem-level first-moment remainder proof is now recorded in this repository.
docs/math/DDYO_RA1N_PROOF.md:6:A theorem-level first-moment remainder proof is now recorded in this repository.
docs/status/DDYO_RA1N_STATUS_2026_04_10.md:38:- RA1n closed unconditionally at the first-moment remainder stage.
docs/math/DDYO_RA1N_OPEN_PROBLEM.md:23:A theorem-level first-moment remainder proof is now recorded in this repository.
docs/status/DDYO_CLOSURE_STATUS_2026_04_10.md:34:- The shell-product moment frontier is closed at the annular first-moment remainder stage.
docs/math/DDYO_SOLVE_REQUIREMENTS.md:73:The shell-product moment frontier is closed at the annular first-moment remainder stage.
docs/status/DDYO_CHECKPOINT_a641031.md:35:- The shell-product moment frontier is closed at the annular first-moment remainder stage.

```
### `python3 -m pytest -q`
- rc: 0

```text
...............................................................          [100%]
63 passed in 25.89s

```

## Required markers

### explicit unconditional completion declaration
FAIL
### theorem-level RA1n proof marker
FAIL

## Forbidden markers

### open frontier markers in DDYO status layer
FAIL
- `docs/math/DDYO_RA1N_PROOF.md:6`: A theorem-level first-moment remainder proof is now recorded in this repository.
- `docs/math/DDYO_RA1N_PROOF.md:21`: The existing Bernstein-extraction file is a proof sketch only and does not establish the missing \(2^{-k}\) gain at theorem level.
- `docs/math/DDYO_RA1N_OPEN_PROBLEM.md:22`: Closed at the annular first-moment remainder stage.
- `docs/math/DDYO_RA1N_OPEN_PROBLEM.md:23`: A theorem-level first-moment remainder proof is now recorded in this repository.
- `docs/math/DDYO_OPEN_PROBLEM_SHELL_PRODUCT_MOMENT.md:24`: Closed at the annular first-moment remainder stage.
- `docs/math/DDYO_OPEN_PROBLEM_SHELL_PRODUCT_MOMENT.md:25`: A theorem-level first-moment remainder proof is now recorded in this repository.
- `docs/math/DDYO_SOLVE_REQUIREMENTS.md:73`: The shell-product moment frontier is closed at the annular first-moment remainder stage.
- `docs/math/DDYO_RA1N_TARGET_THEOREM.md:22`: Closed at the annular first-moment remainder stage.
- `docs/math/DDYO_RA1N_TARGET_THEOREM.md:23`: A theorem-level first-moment remainder proof is now recorded in this repository.
- `docs/math/DDYO_CANONICAL_FRONTIER.md:36`: Closed at the annular first-moment remainder stage.
- `docs/status/DDYO_RA1N_STATUS_2026_04_10.md:38`: - RA1n closed unconditionally at the first-moment remainder stage.
- `docs/status/DDYO_RA1N_STATUS_2026_04_10.md:39`: - RA1n open; proof sketch only in DDYO_RA1N_MOMENT_BOUND_PROOF.md
- `docs/status/DDYO_CLOSURE_STATUS_2026_04_10.md:34`: - The shell-product moment frontier is closed at the annular first-moment remainder stage.
- `docs/status/DDYO_CHECKPOINT_a641031.md:35`: - The shell-product moment frontier is closed at the annular first-moment remainder stage.
### conditional or premature completion claims
PASS

## Mixed-state contradictions

### simultaneous open and complete markers in DDYO frontier scope
PASS

## Verdict

COMPLETION_TRUTH_TEST: FAIL

