$ /opt/homebrew/opt/python@3.11/bin/python3.11 -m compileall .
[stdout]
Listing '.'...
Listing './.git'...
Listing './.git/hooks'...
Listing './.git/info'...
Listing './.git/logs'...
Listing './.git/logs/refs'...
Listing './.git/logs/refs/heads'...
Listing './.git/logs/refs/heads/chore'...
Listing './.git/logs/refs/remotes'...
Listing './.git/logs/refs/remotes/origin'...
Listing './.git/objects'...
Listing './.git/objects/03'...
Listing './.git/objects/04'...
Listing './.git/objects/07'...
Listing './.git/objects/08'...
Listing './.git/objects/09'...
Listing './.git/objects/0a'...
Listing './.git/objects/0b'...
Listing './.git/objects/0c'...
Listing './.git/objects/0d'...
Listing './.git/objects/14'...
Listing './.git/objects/18'...
Listing './.git/objects/1c'...
Listing './.git/objects/1d'...
Listing './.git/objects/1e'...
Listing './.git/objects/20'...
Listing './.git/objects/21'...
Listing './.git/objects/23'...
Listing './.git/objects/24'...
Listing './.git/objects/25'...
Listing './.git/objects/26'...
Listing './.git/objects/28'...
Listing './.git/objects/29'...
Listing './.git/objects/2a'...
Listing './.git/objects/2b'...
Listing './.git/objects/2e'...
Listing './.git/objects/30'...
Listing './.git/objects/31'...
Listing './.git/objects/34'...
Listing './.git/objects/3d'...
Listing './.git/objects/3e'...
Listing './.git/objects/3f'...
Listing './.git/objects/40'...
Listing './.git/objects/41'...
Listing './.git/objects/44'...
Listing './.git/objects/47'...
Listing './.git/objects/48'...
Listing './.git/objects/4b'...
Listing './.git/objects/4d'...
Listing './.git/objects/4e'...
Listing './.git/objects/4f'...
Listing './.git/objects/50'...
Listing './.git/objects/51'...
Listing './.git/objects/52'...
Listing './.git/objects/53'...
Listing './.git/objects/54'...
Listing './.git/objects/56'...
Listing './.git/objects/58'...
Listing './.git/objects/5b'...
Listing './.git/objects/5f'...
Listing './.git/objects/61'...
Listing './.git/objects/62'...
Listing './.git/objects/63'...
Listing './.git/objects/64'...
Listing './.git/objects/66'...
Listing './.git/objects/67'...
Listing './.git/objects/6a'...
Listing './.git/objects/6b'...
Listing './.git/objects/6c'...
Listing './.git/objects/6e'...
Listing './.git/objects/6f'...
Listing './.git/objects/70'...
Listing './.git/objects/71'...
Listing './.git/objects/72'...
Listing './.git/objects/73'...
Listing './.git/objects/75'...
Listing './.git/objects/76'...
Listing './.git/objects/77'...
Listing './.git/objects/79'...
Listing './.git/objects/7a'...
Listing './.git/objects/7d'...
Listing './.git/objects/7f'...
Listing './.git/objects/81'...
Listing './.git/objects/82'...
Listing './.git/objects/83'...
Listing './.git/objects/84'...
Listing './.git/objects/85'...
Listing './.git/objects/88'...
Listing './.git/objects/89'...
Listing './.git/objects/8b'...
Listing './.git/objects/8d'...
Listing './.git/objects/8f'...
Listing './.git/objects/90'...
Listing './.git/objects/94'...
Listing './.git/objects/95'...
Listing './.git/objects/96'...
Listing './.git/objects/99'...
Listing './.git/objects/9a'...
Listing './.git/objects/9e'...
Listing './.git/objects/9f'...
Listing './.git/objects/a0'...
Listing './.git/objects/a1'...
Listing './.git/objects/a2'...
Listing './.git/objects/a3'...
Listing './.git/objects/a4'...
Listing './.git/objects/a6'...
Listing './.git/objects/a8'...
Listing './.git/objects/a9'...
Listing './.git/objects/ab'...
Listing './.git/objects/ae'...
Listing './.git/objects/af'...
Listing './.git/objects/b0'...
Listing './.git/objects/b2'...
Listing './.git/objects/b3'...
Listing './.git/objects/b4'...
Listing './.git/objects/bb'...
Listing './.git/objects/be'...
Listing './.git/objects/bf'...
Listing './.git/objects/c0'...
Listing './.git/objects/c1'...
Listing './.git/objects/c2'...
Listing './.git/objects/c3'...
Listing './.git/objects/c6'...
Listing './.git/objects/c8'...
Listing './.git/objects/c9'...
Listing './.git/objects/ca'...
Listing './.git/objects/cb'...
Listing './.git/objects/cf'...
Listing './.git/objects/d0'...
Listing './.git/objects/d2'...
Listing './.git/objects/d4'...
Listing './.git/objects/d5'...
Listing './.git/objects/d7'...
Listing './.git/objects/d8'...
Listing './.git/objects/db'...
Listing './.git/objects/dc'...
Listing './.git/objects/dd'...
Listing './.git/objects/de'...
Listing './.git/objects/e2'...
Listing './.git/objects/e3'...
Listing './.git/objects/e6'...
Listing './.git/objects/e7'...
Listing './.git/objects/e9'...
Listing './.git/objects/ea'...
Listing './.git/objects/eb'...
Listing './.git/objects/ed'...
Listing './.git/objects/ee'...
Listing './.git/objects/ef'...
Listing './.git/objects/f0'...
Listing './.git/objects/f6'...
Listing './.git/objects/f7'...
Listing './.git/objects/f8'...
Listing './.git/objects/f9'...
Listing './.git/objects/fa'...
Listing './.git/objects/fb'...
Listing './.git/objects/fd'...
Listing './.git/objects/fe'...
Listing './.git/objects/info'...
Listing './.git/objects/pack'...
Listing './.git/refs'...
Listing './.git/refs/heads'...
Listing './.git/refs/heads/chore'...
Listing './.git/refs/remotes'...
Listing './.git/refs/remotes/origin'...
Listing './.git/refs/tags'...
Listing './.github'...
Listing './.github/workflows'...
Listing './.pytest_cache'...
Listing './.pytest_cache/v'...
Listing './.pytest_cache/v/cache'...
Listing './.ruff_cache'...
Listing './.ruff_cache/0.15.7'...
Listing './artifacts'...
Listing './artifacts/max_fight'...
Listing './bsd'...
Listing './bsd/experiments'...
Listing './bsd/experiments/core'...
Listing './cli'...
Listing './complexity'...
Listing './complexity/experiments'...
Listing './complexity/experiments/core'...
Listing './dashboard'...
Listing './docs'...
Listing './docs/math'...
Listing './docs/naming'...
Listing './docs/status'...
Listing './docs/yang_mills'...
Listing './docs/yang_mills/block_poincare'...
Listing './framework'...
Listing './hodge'...
Listing './hodge/experiments'...
Listing './hodge/experiments/core'...
Listing './infra'...
Listing './infra/certificates'...
Listing './infra/ci'...
Listing './infra/schema'...
Listing './modules'...
Listing './modules/rh'...
Listing './modules/rh/akcl'...
Listing './modules/rh/experiments'...
Listing './modules/rh/tests'...
Listing './navier_stokes'...
Listing './navier_stokes/experiments'...
Listing './navier_stokes/experiments/core'...
Listing './proofs'...
Listing './proofs/block_poincare'...
Listing './proofs/block_poincare/referee'...
Listing './riemann'...
Listing './riemann/data'...
Listing './riemann/data/zeros'...
Listing './riemann/docs'...
Listing './riemann/docs/theory'...
Listing './riemann/experiments'...
Listing './riemann/experiments/core'...
Listing './riemann/experiments/gram_operator'...
Listing './riemann/experiments/zero_statistics'...
Listing './riemann/scripts'...
Listing './scripts'...
Listing './tests'...
Listing './tools'...
Listing './yang_mills'...
Listing './yang_mills/experiments'...
Listing './yang_mills/experiments/core'...

[stderr]

[returncode]
0
