$ /opt/homebrew/opt/python@3.11/bin/python3.11 run_all_experiments.py
[stdout]

Running: riemann/experiments/core/zero_spacing.py
[0.00764869 0.00111762 0.00849818 0.01228459 0.02627156 0.00940321
 0.00145883 0.0418577  0.02548696 0.01002752]

Running: navier_stokes/experiments/core/enstrophy_growth.py
enstrophy: 13919.365600784758

Running: yang_mills/experiments/core/transfer_gap.py
gap: 22.166102804961866

Running: complexity/experiments/core/entropy_depth.py
100

Running: bsd/experiments/core/rank_sample.py
[(7, -8), (5, -6), (8, 4), (-6, -9), (8, -10), (-4, 9), (-10, -9), (-5, -2), (2, -4), (-6, 0)]

Running: hodge/experiments/core/hodge_numbers.py
[[1 4 3]
 [2 4 2]
 [0 2 3]]

[stderr]

[returncode]
0
